<?xml version="1.0" encoding="UTF-8"?>
<!-- Generated by org.testng.reporters.JUnitXMLReporter -->
<testsuite hostname="swati-PC" ignored="0" name="BankingApp Test" tests="2" failures="1" timestamp="16 Dec 2019 11:43:06 GMT" time="13.735" errors="0">
  <testcase name="loginTest" time="1.743" classname="com.inetbanking.TestCases.TC_LoginTest_001"/>
  <testcase name="loginTest" time="1.758" classname="com.inetbanking.TestCases.TC_LoginTest_001">
    <failure type="java.lang.NullPointerException">
      <![CDATA[java.lang.NullPointerException
at com.inetbanking.utilities.Reporting.onTestSuccess(Reporting.java:47)
... Removed 22 stack frames]]>
    </failure>
  </testcase> <!-- loginTest -->
</testsuite> <!-- BankingApp Test -->
