<?xml version="1.0" encoding="UTF-8"?>
<testng-results skipped="0" failed="0" total="2" passed="2">
  <reporter-output>
  </reporter-output>
  <suite name="Default suite" duration-ms="120" started-at="2020-01-05T08:15:04Z" finished-at="2020-01-05T08:15:04Z">
    <groups>
    </groups>
    <test name="Default test" duration-ms="120" started-at="2020-01-05T08:15:04Z" finished-at="2020-01-05T08:15:04Z">
      <class name="TestNgPackage.TestParameters">
        <test-method status="PASS" signature="testCaseOne(java.lang.String)[pri:0, instance:TestNgPackage.TestParameters@234bef66]" name="testCaseOne" duration-ms="21" started-at="2020-01-05T13:45:04Z" finished-at="2020-01-05T13:45:04Z">
          <params>
            <param index="0">
              <value>
                <![CDATA[Chrome]]>
              </value>
            </param>
          </params>
          <reporter-output>
          </reporter-output>
        </test-method> <!-- testCaseOne -->
        <test-method status="PASS" signature="textCaseTwo(java.lang.String, java.lang.String)[pri:0, instance:TestNgPackage.TestParameters@234bef66]" name="textCaseTwo" duration-ms="2" started-at="2020-01-05T13:45:04Z" finished-at="2020-01-05T13:45:04Z">
          <params>
            <param index="0">
              <value>
                <![CDATA[swati]]>
              </value>
            </param>
            <param index="1">
              <value>
                <![CDATA[swati@21]]>
              </value>
            </param>
          </params>
          <reporter-output>
          </reporter-output>
        </test-method> <!-- textCaseTwo -->
      </class> <!-- TestNgPackage.TestParameters -->
    </test> <!-- Default test -->
  </suite> <!-- Default suite -->
</testng-results>
