<?xml version="1.0" encoding="UTF-8"?>
<!-- Generated by org.testng.reporters.JUnitXMLReporter -->
<testsuite hostname="swati-PC" name="Default test" tests="3" failures="0" timestamp="3 Dec 2019 07:06:02 GMT" time="46.788" errors="0">
  <testcase name="logIntoWordPress" time="15.935" classname="DDT.wordPressLogIn"/>
  <testcase name="logIntoWordPress" time="14.237" classname="DDT.wordPressLogIn"/>
  <testcase name="logIntoWordPress" time="14.64" classname="DDT.wordPressLogIn"/>
</testsuite> <!-- Default test -->
