<?xml version="1.0" encoding="UTF-8"?>
<testng-results skipped="0" failed="0" total="1" passed="1">
  <reporter-output>
  </reporter-output>
  <suite name="Default suite" duration-ms="280" started-at="2019-12-16T16:41:48Z" finished-at="2019-12-16T16:41:48Z">
    <groups>
    </groups>
    <test name="Default test" duration-ms="280" started-at="2019-12-16T16:41:48Z" finished-at="2019-12-16T16:41:48Z">
      <class name="ExtendReportPkg.extendReportDemo">
        <test-method status="PASS" signature="logInTest()[pri:0, instance:ExtendReportPkg.extendReportDemo@2c9f9fb0]" name="logInTest" duration-ms="264" started-at="2019-12-16T22:11:48Z" finished-at="2019-12-16T22:11:48Z">
          <reporter-output>
          </reporter-output>
        </test-method> <!-- logInTest -->
      </class> <!-- ExtendReportPkg.extendReportDemo -->
    </test> <!-- Default test -->
  </suite> <!-- Default suite -->
</testng-results>
