<?xml version="1.0" encoding="UTF-8"?>
<testng-results skipped="0" failed="0" total="3" passed="3">
  <reporter-output>
  </reporter-output>
  <suite name="Default suite" duration-ms="46788" started-at="2019-12-03T07:05:15Z" finished-at="2019-12-03T07:06:02Z">
    <groups>
    </groups>
    <test name="Default test" duration-ms="46788" started-at="2019-12-03T07:05:15Z" finished-at="2019-12-03T07:06:02Z">
      <class name="DDT.wordPressLogIn">
        <test-method status="PASS" signature="logIntoWordPress(java.lang.String, java.lang.String)[pri:0, instance:DDT.wordPressLogIn@12843fce]" name="logIntoWordPress" duration-ms="15935" started-at="2019-12-03T12:35:15Z" data-provider="wordpressData" finished-at="2019-12-03T12:35:31Z">
          <params>
            <param index="0">
              <value>
                <![CDATA[admin1]]>
              </value>
            </param>
            <param index="1">
              <value>
                <![CDATA[demo1]]>
              </value>
            </param>
          </params>
          <reporter-output>
          </reporter-output>
        </test-method> <!-- logIntoWordPress -->
        <test-method status="PASS" signature="tearDown()[pri:0, instance:DDT.wordPressLogIn@12843fce]" name="tearDown" is-config="true" duration-ms="633" started-at="2019-12-03T12:35:31Z" finished-at="2019-12-03T12:35:32Z">
          <reporter-output>
          </reporter-output>
        </test-method> <!-- tearDown -->
        <test-method status="PASS" signature="logIntoWordPress(java.lang.String, java.lang.String)[pri:0, instance:DDT.wordPressLogIn@12843fce]" name="logIntoWordPress" duration-ms="14237" started-at="2019-12-03T12:35:32Z" data-provider="wordpressData" finished-at="2019-12-03T12:35:46Z">
          <params>
            <param index="0">
              <value>
                <![CDATA[admin2]]>
              </value>
            </param>
            <param index="1">
              <value>
                <![CDATA[demo2]]>
              </value>
            </param>
          </params>
          <reporter-output>
          </reporter-output>
        </test-method> <!-- logIntoWordPress -->
        <test-method status="PASS" signature="tearDown()[pri:0, instance:DDT.wordPressLogIn@12843fce]" name="tearDown" is-config="true" duration-ms="662" started-at="2019-12-03T12:35:46Z" finished-at="2019-12-03T12:35:47Z">
          <reporter-output>
          </reporter-output>
        </test-method> <!-- tearDown -->
        <test-method status="PASS" signature="logIntoWordPress(java.lang.String, java.lang.String)[pri:0, instance:DDT.wordPressLogIn@12843fce]" name="logIntoWordPress" duration-ms="14640" started-at="2019-12-03T12:35:47Z" data-provider="wordpressData" finished-at="2019-12-03T12:36:02Z">
          <params>
            <param index="0">
              <value>
                <![CDATA[admin3]]>
              </value>
            </param>
            <param index="1">
              <value>
                <![CDATA[data3]]>
              </value>
            </param>
          </params>
          <reporter-output>
          </reporter-output>
        </test-method> <!-- logIntoWordPress -->
        <test-method status="PASS" signature="tearDown()[pri:0, instance:DDT.wordPressLogIn@12843fce]" name="tearDown" is-config="true" duration-ms="647" started-at="2019-12-03T12:36:02Z" finished-at="2019-12-03T12:36:02Z">
          <reporter-output>
          </reporter-output>
        </test-method> <!-- tearDown -->
      </class> <!-- DDT.wordPressLogIn -->
    </test> <!-- Default test -->
  </suite> <!-- Default suite -->
</testng-results>
